[	11-02-2020 19:46:49	] [KICK ACTION] Player: Brad O. 1D-2 has kicked:  for: You have been kicked. Reason: Change your unsername.
[	11-02-2020 22:43:29	] [KICK ACTION] Player: Brad O. 1D-2 has kicked: Almin D.|3C-132 for: You have been kicked. Reason: In Correct Callsign.
[	11-02-2020 23:13:16	] [BAN ACTION] A new ban record has been added. Player: 'Almin D.|3C-132' was banned by 'Brad O. 1D-2' for 'Banned by staff.' until '2/12/2020 12:43:15 AM'.
[	12-02-2020 18:32:26	] [BAN ACTION] The following ban record has been removed (player unbanned). The player has been unbanned because their ban duration expired. [Player: Almin D.|3C-132 was banned by Brad O. 1D-2 for Banned by staff. until 2/12/2020 12:43:15 AM.]
[	14-02-2020 22:50:49	] [KICK ACTION] Player: Dan B. 3S-2 has kicked: Hash S. |  3R-612 for: You have been kicked. Reason: Messing around, get a public one.
[	18-02-2020 19:01:17	] [KICK ACTION] Player: Brad O. 3S-1 has kicked: Snipe for: You have been kicked. Reason: Incorrect Name Format, Please Correct.
[	20-02-2020 20:10:06	] [KICK ACTION] Player: CrazySmith187 has kicked: Hash S. | C-2 for: You have been kicked. Reason: fix name to the correct ERP Name Format.
[	21-02-2020 20:48:38	] [KICK ACTION] Player: Dan B. 3S-2 has kicked: Hash S. |  3S-213 for: You have been kicked. Reason: 10-90, messing around in server after rp.
[	01-03-2020 20:23:06	] [KICK ACTION] Player: CrazySmith187 has kicked: Damian H. 2L-215 for: You have been kicked. Reason: fix steam name, thank you :).
[	04-03-2020 20:53:19	] [KICK ACTION] Player: Sosamann has kicked: E. Santiago for: You have been kicked. Reason: Incorrect name format, please fix it..
[	06-03-2020 19:50:25	] [KICK ACTION] Player: Sosamann has kicked: Asst.Chief Gavin M. 2L-02 for: You have been kicked. Reason: Incorrect name format please fix it and rejoin session.
[	26-03-2020 15:44:40	] [BAN ACTION] A new ban record has been added. Player: 'Aaron H' was banned by 'Sosamann' for 'Banned by staff.' until '3/26/2020 4:44:40 PM'.
[	26-03-2020 15:44:59	] [BAN ACTION] The following ban record has been removed (player unbanned). [Player: Aaron H was banned by Sosamann for Banned by staff. until 3/26/2020 4:44:40 PM.]
[	08-04-2020 13:06:02	] [KICK ACTION] Player: Sosamann has kicked:  for: You have been kicked. Reason: Name format is incorrect, please reconnect with your name and unit number..
[	10-04-2020 14:22:10	] [KICK ACTION] Player: Sosamann has kicked: minispeedz | Live On Twitch for: You have been kicked. Reason: Incorrect name format..
[	10-04-2020 14:22:16	] [KICK ACTION] Player: Sosamann has kicked: Troy Dyer for: You have been kicked. Reason: Incorrect name format..
[	16-04-2020 18:10:37	] [KICK ACTION] Player: Sosamann has kicked: SalsaChipDip for: You have been kicked. Reason: Incorrect name format. Rejoin with it correctly..
[	17-04-2020 13:37:27	] [KICK ACTION] Player: Tyler A. 1B-101 has kicked: Boomer for: You have been kicked. Reason: Name format.
[	17-04-2020 14:09:19	] [KICK ACTION] Player: Jaden H. 1A-4 has kicked: 1C-68 | Krish L. for: You have been kicked. Reason: Incorrect Name Format.
[	17-04-2020 15:01:42	] [KICK ACTION] Player: Tyler A. 1B-101 has kicked: Paladin18_2 for: You have been kicked. Reason: Failrp..
[	17-04-2020 18:49:06	] [KICK ACTION] Player: Jaden H. 1A-4 has kicked: 546 | C5 | Justin M. for: You have been kicked. Reason: Use the correct name format.
[	17-04-2020 18:53:20	] [KICK ACTION] Player: Jaden H. 1A-4 has kicked: Justin M 3C-19 for: You have been kicked. Reason: Once again, Correct name format. Kai R 3C-19.
[	18-04-2020 18:27:35	] [KICK ACTION] Player: Jaden H. 1A-4 has kicked: kaden for: You have been kicked. Reason: Incorrect name formate.
[	26-04-2020 15:08:12	] [KICK ACTION] Player: BayAreaBrad has kicked: Justin M. F-100 for: You have been kicked. Reason: AFK in Patrol .
[	27-04-2020 16:52:38	] [KICK ACTION] Player: SpookyLizard has kicked: Almin D. 5D-31 for: You have been kicked. Reason: pp.
[	27-04-2020 21:07:18	] [KICK ACTION] Player: James B | 2L-01 has kicked: Damian H. 2L-266 for: You have been kicked. Reason: peacetime.
[	07-05-2020 16:02:32	] [BAN ACTION] A new ban record has been added. Player: 'Almin D.|2L-23|V-01|V-801' was banned by 'Sosamann' for 'Banned by staff.' until '3000-01-01 12:00:00 AM'.
[	07-05-2020 16:02:35	] [BAN ACTION] A new ban record has been added. Player: 'InvalidPlayerName' was banned by 'Sosamann' for 'Banned by staff.' until '3000-01-01 12:00:00 AM'.
[	07-05-2020 16:02:58	] [BAN ACTION] The following ban record has been removed (player unbanned). [Player: Almin D.|2L-23|V-01|V-801 was banned by Sosamann for Banned by staff. until 3000-01-01 12:00:00 AM.]
[	10-05-2020 12:36:19	] [KICK ACTION] Player: SpookyLizard has kicked: Nax for: You have been kicked. Reason: Appp pending.
[	10-05-2020 12:57:18	] [KICK ACTION] Player: SpookyLizard has kicked: Nax for: You have been kicked. Reason: Applacation pending.
[	10-05-2020 17:26:01	] [KICK ACTION] Player: Sosamann has kicked:  for: You have been kicked. Reason: Reload.
[	19-09-2020 00:17:56	] [BAN ACTION] A new ban record has been added. Player: 'Ramsay G. 5D-126' was banned by 'Sosamann524' for 'Banned by staff.' until '09/19/2020 02:17:56'.
[	19-10-2020 00:28:52	] [KICK ACTION] Player: Damian H. 2L-146 has kicked: 🎃Caden R. 2L-174🎃 for: You have been kicked. Reason: AFK, Not In TS. Please reconnect to the teamspeak and rejoin the server to continue playing.
[	24-10-2020 18:28:54	] [KICK ACTION] Player: NotMuppet has kicked: ohitseffort for: You have been kicked. Reason: Name Format.
[	01-11-2020 22:53:49	] [KICK ACTION] Player: Josh L. Civ-539 has kicked: TheAnimeBitch for: You have been kicked. Reason: Pleasae Change your Name to the DOSRP Format.
[	04-11-2020 23:37:12	] [KICK ACTION] Player: Isaiah F. 1X-1 has kicked: CoolCat123 for: You have been kicked. Reason: Improper DoSRP Name Format.
[	09-11-2020 23:50:32	] [KICK ACTION] Player: Zane W. has kicked:  for: You have been kicked. Reason: Name Format.
[	15-11-2020 03:54:28	] [KICK ACTION] Player: Sosamann524 has kicked: John.R 5D-600 for: You have been kicked. Reason: Stay active within DOSRP servers to be prevented from being kicked..
[	16-11-2020 06:28:09	] [KICK ACTION] Player: Zane W. 2L-436 has kicked: Cameron M. 2B-450 for: You have been kicked. Reason: Fail RP, See HA.
[	16-11-2020 06:28:19	] [KICK ACTION] Player: Zane W. 2L-436 has kicked: |  Bryce D. 5D-604  | for: You have been kicked. Reason: Fail RP, See HA.
[	16-11-2020 06:28:26	] [KICK ACTION] Player: Zane W. 2L-436 has kicked: Sammy J. for: You have been kicked. Reason: Fail RP, See HA.
[	21-11-2020 00:53:02	] [BAN ACTION] A new ban record has been added. Player: 'Jack Y. 1D-1' was banned by 'Sosamann524' for 'Banned by staff.' until '11/22/2020 00:53:01'.
[	21-11-2020 02:33:36	] [BAN ACTION] The following ban record has been removed (player unbanned). [Player: Jack Y. 1D-1 was banned by Sosamann524 for Banned by staff. until 11/22/2020 00:53:01.]
[	24-11-2020 19:17:20	] [BAN ACTION] The following ban record has been removed (player unbanned). [Player: Ramsay G. 5D-126 was banned by Sosamann524 for Banned by staff. until 09/19/2020 02:17:56.]
[	25-11-2020 19:42:42	] [KICK ACTION] Player: Murphy C. 1D-2 has kicked: Owner for: You have been kicked. Reason: Name format.
[	26-11-2020 16:35:56	] [BAN ACTION] A new ban record has been added. Player: 'Jack Y. 2B-128' was banned by 'Sosamann524' for 'Banned by staff.' until '11/26/2020 17:35:55'.
[	26-11-2020 16:36:06	] [BAN ACTION] The following ban record has been removed (player unbanned). [Player: Jack Y. 2B-128 was banned by Sosamann524 for Banned by staff. until 11/26/2020 17:35:55.]
[	26-11-2020 17:49:13	] [KICK ACTION] Player: Sosamann524 has kicked: AC for: You have been kicked. Reason: Incorrect name format, rejoin game with the correct format.
[	27-11-2020 17:11:59	] [BAN ACTION] A new ban record has been added. Player: 'Jack Y. 2B-128' was banned by 'Nanachi S. 5E-3' for 'Banned by staff. 10-93 for 3 days ' until '11/30/2020 17:11:59'.
[	27-11-2020 17:18:01	] [BAN ACTION] The following ban record has been removed (player unbanned). [Player: Jack Y. 2B-128 was banned by Nanachi S. 5E-3 for Banned by staff. 10-93 for 3 days  until 11/30/2020 17:11:59.]
[	28-11-2020 09:58:26	] [KICK ACTION] Player: Sosamann524 has kicked: Murphy C. 1D-2 for: You have been kicked. Reason: k.
[	28-11-2020 19:38:28	] [KICK ACTION] Player: Sammy J. has kicked: gsrpk for: You have been kicked. Reason: Name Format.
[	01-12-2020 18:27:05	] [BAN ACTION] A new ban record has been added. Player: 'C Sweezey' was banned by 'Sosamann524' for 'Banned by staff.' until '12/01/2020 19:57:04'.
[	01-12-2020 18:27:15	] [BAN ACTION] A new ban record has been added. Player: 'InvalidPlayerName' was banned by 'Murphy C. 1D-2' for 'Banned from Adminastration see IA asap' until '12/01/2020 19:57:15'.
[	01-12-2020 18:42:17	] [BAN ACTION] A new ban record has been added. Player: 'Jake G. 3C-455' was banned by 'Sosamann524' for 'Banned by staff. See us in TS.' until '12/31/2020 18:42:17'.
[	02-12-2020 14:54:14	] [KICK ACTION] Player: Sammy J. has kicked: Jaden H. for: You have been kicked. Reason: Staff dis.
[	02-12-2020 14:56:37	] [KICK ACTION] Player: Sammy J. has kicked: Jaden H. for: You have been kicked. Reason: cursing and staff dis.
[	04-12-2020 11:56:35	] [KICK ACTION] Player: Murphy C. 1D-2 has kicked: Yeff for: You have been kicked. Reason: Not a DoSRP Member please register, at discord.gg/dos - PR Dir.
[	05-12-2020 15:30:52	] [KICK ACTION] Player: Sammy J. has kicked: GHOST Civ - 1 for: You have been kicked. Reason: Name Format sir.
[	06-12-2020 17:36:17	] [KICK ACTION] Player: Sammy J. has kicked: Jax B for: You have been kicked. Reason: Name.
[	11-12-2020 14:30:46	] [KICK ACTION] Player: Sammy J. has kicked: dcpd3 for: You have been kicked. Reason: Name.
[	15-12-2020 16:46:47	] [KICK ACTION] Player: Murphy C. 1D-1 has kicked: Michael G. 215 for: You have been kicked. Reason: Name format.
[	16-12-2020 17:13:27	] [KICK ACTION] Player: Sammy J. has kicked: AC for: You have been kicked. Reason: Name Format.
[	17-12-2020 12:01:25	] [KICK ACTION] Player: Murphy C. 5E-3 has kicked: J. Lee 2B-126 for: You have been kicked. Reason: Name format - PR Dir.
[	17-12-2020 12:02:46	] [KICK ACTION] Player: Murphy C. 5E-3 has kicked: J. Lee 2B-126 for: You have been kicked. Reason: Name format - PR Dir.
[	17-12-2020 12:03:42	] [KICK ACTION] Player: Murphy C. 5E-3 has kicked:  for: You have been kicked. Reason: Name format - PR Dir.
[	17-12-2020 12:17:08	] [BAN ACTION] A new ban record has been added. Player: 'Jim L. 2B-126' was banned by 'Murphy C. 5E-3' for 'Banned by PR Dir, Policy N + ZTP' until '01/01/3000 00:00:00'.
[	17-12-2020 14:58:46	] [KICK ACTION] Player: Murphy C. 5E-3 has kicked: Justin K. for: You have been kicked. Reason: Name format.
[	17-12-2020 15:06:58	] [KICK ACTION] Player: Murphy C. 5E-3 has kicked: ANT7494 for: You have been kicked. Reason: Name format.
[	19-12-2020 13:22:19	] [KICK ACTION] Player: Murphy C. 5E-3 has kicked: Tom S. 2B-11 for: You have been kicked. Reason: Bye.
[	19-12-2020 13:22:26	] [KICK ACTION] Player: Murphy C. 5E-3 has kicked: Yng H. 5E-2 for: You have been kicked. Reason: Bye.
[	19-12-2020 16:39:43	] [KICK ACTION] Player: Murphy C. 5E-3 has kicked: constantsnow for: You have been kicked. Reason: Name format.
[	22-12-2020 18:06:46	] [KICK ACTION] Player: Sammy J. has kicked: ^3 BOD | 103 | Aiden.T for: You have been kicked. Reason: Name Format.
[	22-12-2020 18:18:49	] [BAN ACTION] The following ban record has been removed (player unbanned). [Player: C Sweezey was banned by Sosamann524 for Banned by staff. until 12/01/2020 19:57:04.]
[	22-12-2020 18:18:52	] [BAN ACTION] The following ban record has been removed (player unbanned). [Player: InvalidPlayerName was banned by Murphy C. 1D-2 for Banned from Adminastration see IA asap until 12/01/2020 19:57:15.]
[	22-12-2020 18:18:53	] [BAN ACTION] The following ban record has been removed (player unbanned). [Player: InvalidPlayerName was banned by Murphy C. 1D-2 for Banned from Adminastration see IA asap until 12/01/2020 19:57:15.]
[	22-12-2020 18:18:57	] [BAN ACTION] The following ban record has been removed (player unbanned). [Player: Jake G. 3C-455 was banned by Sosamann524 for Banned by staff. See us in TS. until 12/31/2020 18:42:17.]
[	22-12-2020 18:18:59	] [BAN ACTION] The following ban record has been removed (player unbanned). [Player: Jim L. 2B-126 was banned by Murphy C. 5E-3 for Banned by PR Dir, Policy N + ZTP until 01/01/3000 00:00:00.]
[	22-12-2020 18:19:02	] [BAN ACTION] The following ban record has been removed (player unbanned). [Player: InvalidPlayerName was banned by Murphy C. 1D-2 for Banned from Adminastration see IA asap until 12/01/2020 19:57:15.]
[	29-12-2020 23:32:59	] [KICK ACTION] Player: Sammy J. has kicked: jacob for: You have been kicked. Reason: Fix Name Format.
[	29-12-2020 23:33:14	] [KICK ACTION] Player: Sammy J. has kicked: Justin K. for: You have been kicked. Reason: Fix Name Format.
[	29-12-2020 23:35:34	] [KICK ACTION] Player: Sammy J. has kicked: 𒀱Ace 420𒀱 for: You have been kicked. Reason: Fix Name Format.
[	29-12-2020 23:36:52	] [KICK ACTION] Player: Sammy J. has kicked: 𒀱Ace 420𒀱 for: You have been kicked. Reason: Fix Name Format per DOSRP Format.
[	29-12-2020 23:39:40	] [KICK ACTION] Player: Sammy J. has kicked: Rico Greenwood for: You have been kicked. Reason: Fix Name Format.
[	29-12-2020 23:41:52	] [KICK ACTION] Player: Sammy J. has kicked: Rico Greenwood for: You have been kicked. Reason: Fix Name Format EX: Sammy J. 1D-2.
[	29-12-2020 23:41:54	] [KICK ACTION] Player: Murphy C. 5E-3 has kicked:  for: You have been kicked. Reason: Name format.
[	29-12-2020 23:45:19	] [KICK ACTION] Player: Sammy J. has kicked: 𒀱Rico G. 5D-617𒀱 for: You have been kicked. Reason: Fix Name Example: Rico G. 5D-617.
[	30-12-2020 01:11:05	] [KICK ACTION] Player: ThatGuyCid has kicked: 1D-09 | A. Wright for: You have been kicked. Reason: Fix your name format (Exp. Gavin M. 5S-8).
[	30-12-2020 02:43:24	] [KICK ACTION] Player: Sammy J. has kicked: B. Rudy for: You have been kicked. Reason: Name Format EX: Sammy J..
[	30-12-2020 02:43:35	] [KICK ACTION] Player: Sammy J. has kicked: Crosis | Mike C. for: You have been kicked. Reason: Name Format EX: Sammy J..
[	30-12-2020 02:43:44	] [KICK ACTION] Player: Sammy J. has kicked: Eag1es for: You have been kicked. Reason: Name Format EX: Sammy J..
[	30-12-2020 02:44:41	] [KICK ACTION] Player: Sammy J. has kicked: Connor G. for: You have been kicked. Reason: Name Format EX: Sammy J. 1D-2.
[	30-12-2020 02:51:33	] [KICK ACTION] Player: Sammy J. has kicked: TYLER.A for: You have been kicked. Reason: Name Format EX: Sammy J. 1D-2.
[	30-12-2020 02:51:35	] [KICK ACTION] Player: Murphy C. 5E-3 has kicked:  for: You have been kicked. Reason: Name format.
[	30-12-2020 03:14:17	] [KICK ACTION] Player: Sammy J. has kicked: Owner for: You have been kicked. Reason: Name Format EX: Sammy J. 1D-2.
[	30-12-2020 04:06:48	] [KICK ACTION] Player: James B.  2B-01 has kicked: Luke T. 5D-610 for: You have been kicked. Reason: game messed up.
[	30-12-2020 04:28:54	] [KICK ACTION] Player: Sammy J. has kicked: Tyler A. 3C-63' for: You have been kicked. Reason: Get in TeamSpeak.
[	31-12-2020 04:49:40	] [KICK ACTION] Player: Sammy J. has kicked: Nate A. for: You have been kicked. Reason: Name Format.
[	31-12-2020 06:11:25	] [KICK ACTION] Player: Sammy J. has kicked: [C1-506] Bryce P. for: You have been kicked. Reason: Name Format.
[	31-12-2020 06:13:03	] [KICK ACTION] Player: Sammy J. has kicked: [C1-506] Bryce P. for: You have been kicked. Reason: Name Format.
[	01-01-2021 22:30:02	] [KICK ACTION] Player: SpookyLizard. has kicked: SpeedyChicken19 for: You have been kicked. Reason: Fix Name.
[	02-01-2021 00:34:48	] [KICK ACTION] Player: James B.  2B-01 has kicked: Jrpr2 for: You have been kicked. Reason: fix name (ex. James B. 2B-01).
[	05-01-2021 02:48:07	] [KICK ACTION] Player: Sammy J. has kicked: IsOver9K for: You have been kicked. Reason: Name Format.
[	07-01-2021 19:14:44	] [KICK ACTION] Player: Sammy J. has kicked: 1260 | Griffin D for: You have been kicked. Reason: Name format.
[	09-01-2021 14:24:57	] [KICK ACTION] Player: Sammy J. has kicked: Vyb3 for: You have been kicked. Reason: Name Format.
[	11-01-2021 11:20:42	] [KICK ACTION] Player: James B. 2B-01 has kicked: Computer for: You have been kicked. Reason: change name ex James B. 2B-01.
[	28-02-2021 15:08:24	] [KICK ACTION] Player: William B. 3C-1 has kicked: Cartier S. 1D-1 for: You have been kicked. Reason: Name.
[	28-02-2021 16:16:36	] [KICK ACTION] Player: William B. 3C-1 has kicked: Woods C. 2B-17 for: You have been kicked. Reason: 10-93.
[	04-03-2021 18:51:12	] [KICK ACTION] Player: ThatGuyAndrew has kicked: Isaiah B. 3C-5 for: You have been kicked. Reason: Improper Name Format.
[	06-03-2021 15:02:30	] [KICK ACTION] Player: William B. 3C-1 has kicked: Almin D. 3C-510 for: You have been kicked. Reason: Name format.
[	07-03-2021 19:50:11	] [KICK ACTION] Player: Dalen H. 2B-1 has kicked: ThatGuyCrazykid for: You have been kicked. Reason: Name.
[	07-03-2021 20:50:55	] [KICK ACTION] Player: Austin H. 3C-2 | CivR-802 has kicked: JimDaTrooper. 5D-506 for: You have been kicked. Reason: Name format.
[	08-03-2021 19:37:55	] [KICK ACTION] Player: Dalen H. 2B-1 has kicked: Pizza gamehag.com for: You have been kicked. Reason: Name.
[	08-03-2021 21:38:03	] [KICK ACTION] Player: Josiah P. Civ-1 has kicked: ~y~ Hunter K. for: You have been kicked. Reason: Name.
[	09-03-2021 19:42:46	] [KICK ACTION] Player: Ty F. Civ-8 | 5D-926 has kicked: LiL Shrimp for: You have been kicked. Reason: Name Format.
[	10-03-2021 16:58:07	] [KICK ACTION] Player: Dan S. 6D-5 has kicked: F1n1ey for: You have been kicked. Reason: Improper Name Format (Name. Unit Number).
[	10-03-2021 17:08:45	] [KICK ACTION] Player: Josiah P. Civ-1 has kicked: F1n1ey for: You have been kicked. Reason: Wrong name format: please change your name to the IRP correct name format. eg: Josiah P. Civ-1.
[	10-03-2021 17:10:07	] [KICK ACTION] Player: Josiah P. Civ-1 has kicked: F1n1ey for: You have been kicked. Reason: Name format..
[	10-03-2021 17:13:58	] [KICK ACTION] Player: Josiah P. Civ-1 has kicked: SSgt. Isaiah F. 2B-15 for: You have been kicked. Reason: Incorrect Name Format.
[	12-03-2021 20:43:11	] [KICK ACTION] Player: Corey K. 2B-4 has kicked: coolman for: You have been kicked. Reason: Name Format.
[	12-03-2021 23:58:50	] [KICK ACTION] Player: Austin H. 3C-2 | CivR-802 has kicked: your mothers bf for: You have been kicked. Reason: Name Format.
[	12-03-2021 23:59:30	] [KICK ACTION] Player: Jay K. 2B-7 has kicked: your mothers bf for: You have been kicked. Reason: improper name format.
[	12-03-2021 23:59:34	] [KICK ACTION] Player: Austin H. 3C-2 | CivR-802 has kicked:  for: You have been kicked. Reason: name Format.
[	13-03-2021 14:02:32	] [KICK ACTION] Player: Jay K. 2B-7 has kicked: TrulyZero for: You have been kicked. Reason: improper name format.
[	13-03-2021 23:29:46	] [KICK ACTION] Player: Austin H. 3C-2 | CivR-802 has kicked: Jayden F. 2B-83 | CivR-910 for: You have been kicked. Reason: See Civ Staff.
[	14-03-2021 13:39:51	] [KICK ACTION] Player: Keegan P. Civ-5 has kicked: Sondre J for: You have been kicked. Reason: Please get setup in the cad first and improper callsign.
[	14-03-2021 14:40:26	] [KICK ACTION] Player: Keegan P. Civ-5 has kicked: Sondre J for: You have been kicked. Reason: Improper name | callsign | get in teamspeak before you rp.
[	14-03-2021 18:51:01	] [KICK ACTION] Player: Keegan P. Civ-5 has kicked: Spiggy for: You have been kicked. Reason: improper name.
[	14-03-2021 19:44:16	] [KICK ACTION] Player: ThatGuyAndrew has kicked: Devin H. for: You have been kicked. Reason: Improper Name Format.
[	14-03-2021 22:03:06	] [KICK ACTION] Player: Ty F. Civ-8 | 5D-926 has kicked: Jesse B. Civ-513 for: You have been kicked. Reason: See Civ CoC.
[	14-03-2021 22:03:23	] [KICK ACTION] Player: Ty F. Civ-8 | 5D-926 has kicked: Peter B. Civ-514 for: You have been kicked. Reason: See civ CoC.
[	06-06-2021 11:49:58	] [KICK ACTION] Player: BlackSheperd17 has kicked: 100ka for: You have been kicked. Reason: fix nameformat.
[	06-06-2021 14:38:22	] [KICK ACTION] Player: BlackSheperd17 has kicked: Michael O. [1K-24] for: You have been kicked. Reason: l.
[	08-06-2021 14:44:17	] [KICK ACTION] Player: Kenny1903 has kicked: mdrover01 for: You have been kicked. Reason: Name Format .
[	08-06-2021 14:44:26	] [KICK ACTION] Player: Kenny1903 has kicked: Michael O. [1K-24] for: You have been kicked. Reason: Name Format .
[	08-06-2021 14:46:52	] [KICK ACTION] Player: Kenny1903 has kicked: Michael O. [2D-30] for: You have been kicked. Reason: Name Format ( no need for [ ]).
[	08-06-2021 14:46:59	] [KICK ACTION] Player: Emily M. 1D-3 has kicked: mdrover01 for: You have been kicked. Reason: Change Name Formmat.
[	08-06-2021 14:47:05	] [KICK ACTION] Player: Kenny1903 has kicked: QTR_KillShot for: You have been kicked. Reason: name format.
[	08-06-2021 14:49:37	] [KICK ACTION] Player: Emily M. 1D-3 has kicked: QTR_KillShot for: You have been kicked. Reason: Chang Name Frommat.
[	08-06-2021 17:06:19	] [KICK ACTION] Player: Kenny1903 has kicked: [1K-67] C. Tournay for: You have been kicked. Reason: Name Format.
[	08-06-2021 17:06:31	] [KICK ACTION] Player: Kenny1903 has kicked: JORDAN H for: You have been kicked. Reason: Name Format.
[	08-06-2021 17:06:42	] [KICK ACTION] Player: Kenny1903 has kicked: Niklaus D. for: You have been kicked. Reason: Name Format.
[	08-06-2021 17:07:46	] [KICK ACTION] Player: Kenny1903 has kicked: [1K-67] C. Tournay for: You have been kicked. Reason: Name Format.
